TN:
SF:src/lib/memo-markdown.tsx
FN:1,__name
FN:1,__export
FN:1,__copyProps
FN:1,get
FN:1,__toESM
FN:1,__toCommonJS
FN:1,renderMarkdown
FNF:7
FNH:7
FNDA:8,__name
FNDA:1,__export
FNDA:2,__copyProps
FNDA:32,get
FNDA:1,__toESM
FNDA:1,__toCommonJS
FNDA:3,renderMarkdown
DA:1,1
DA:2,1
DA:3,1
DA:4,1
DA:5,1
DA:6,1
DA:7,1
DA:8,2
DA:9,2
DA:10,2
DA:11,2
DA:12,1
DA:13,1
DA:14,1
DA:15,1
DA:16,1
DA:17,2
DA:18,2
DA:19,4
DA:20,4
DA:21,4
DA:22,2
DA:23,2
DA:24,1
DA:25,1
DA:26,1
DA:27,1
DA:28,1
DA:29,1
DA:30,1
DA:31,1
DA:32,1
DA:33,1
DA:34,1
DA:35,1
DA:36,1
DA:37,2
DA:38,2
DA:39,2
DA:40,2
DA:41,2
DA:42,2
DA:43,1
DA:44,1
DA:45,1
DA:46,1
DA:47,1
DA:48,2
DA:49,2
DA:50,4
DA:51,4
DA:52,4
DA:53,2
DA:54,2
DA:55,1
DA:56,1
DA:57,1
DA:58,1
DA:59,2
DA:60,2
DA:61,1
DA:62,1
DA:63,7
DA:64,1
DA:65,1
DA:66,1
DA:67,1
DA:68,1
DA:69,1
DA:70,7
DA:71,7
DA:72,1
DA:73,1
DA:74,1
DA:75,1
DA:76,1
DA:77,1
DA:78,7
DA:79,7
DA:80,1
DA:81,1
DA:82,1
DA:83,1
DA:84,1
DA:85,1
DA:86,7
DA:87,7
DA:88,1
DA:89,1
DA:90,1
DA:91,1
DA:92,1
DA:93,1
DA:94,7
DA:95,7
DA:96,1
DA:97,1
DA:98,1
DA:99,1
DA:100,1
DA:101,1
DA:102,7
DA:103,7
DA:104,1
DA:105,1
DA:106,1
DA:107,1
DA:108,1
DA:109,1
DA:110,1
DA:111,1
DA:112,1
DA:113,1
DA:114,7
DA:115,7
DA:116,7
DA:117,1
DA:118,1
DA:119,3
DA:120,3
DA:121,3
DA:122,3
DA:123,3
DA:124,10
DA:125,8
DA:126,8
DA:127,10
DA:128,10
DA:129,2
DA:130,10
DA:131,3
DA:132,3
DA:133,13
DA:134,6
DA:135,6
DA:136,6
DA:137,13
DA:138,13
DA:139,7
DA:140,7
DA:141,7
DA:142,7
DA:143,7
DA:144,3
DA:145,3
DA:146,3
DA:147,3
DA:148,3
DA:149,3
LF:149
LH:149
BRDA:118,0,0,0
BRDA:1,1,0,8
BRDA:1,2,0,1
BRDA:1,3,0,2
BRDA:1,4,0,0
BRDA:1,5,0,37
BRDA:1,6,0,32
BRDA:1,7,0,1
BRDA:1,8,0,0
BRDA:1,9,0,0
BRDA:1,10,0,1
BRDA:1,11,0,3
BRDA:3,12,0,13
BRDA:3,13,0,6
BRDA:5,14,0,5
BRDA:5,15,0,20
BRDA:7,16,0,2
BRDA:11,17,0,1
BRDA:16,18,0,2
BRDA:18,19,0,4
BRDA:36,20,0,2
BRDA:47,21,0,2
BRDA:49,22,0,4
BRDA:62,23,0,7
BRDA:63,24,0,1
BRDA:71,25,0,6
BRDA:71,26,0,1
BRDA:79,27,0,5
BRDA:79,28,0,1
BRDA:87,29,0,4
BRDA:87,30,0,1
BRDA:87,31,0,1
BRDA:95,32,0,3
BRDA:95,33,0,1
BRDA:103,34,0,2
BRDA:103,35,0,1
BRDA:115,36,0,0
BRDA:118,37,0,3
BRDA:123,38,0,10
BRDA:124,39,0,8
BRDA:128,40,0,2
BRDA:132,41,0,13
BRDA:133,42,0,6
BRDA:138,43,0,7
BRF:44
BRH:39
end_of_record
TN:
SF:src/lib/utils.ts
FN:1,__name
FN:1,__export
FN:1,__copyProps
FN:1,get
FN:1,__toCommonJS
FN:1,cn
FN:4,cn
FNF:7
FNH:7
FNDA:1,__name
FNDA:1,__export
FNDA:1,__copyProps
FNDA:1,get
FNDA:1,__toCommonJS
FNDA:1,cn
FNDA:1,cn
DA:1,1
DA:2,1
DA:3,1
DA:4,1
DA:5,1
DA:6,1
LF:6
LH:6
BRDA:4,0,0,0
BRDA:1,1,0,1
BRDA:1,2,0,1
BRDA:1,3,0,1
BRDA:1,4,0,0
BRDA:1,5,0,1
BRDA:1,6,0,1
BRDA:1,7,0,1
BRDA:4,8,0,1
BRF:9
BRH:7
end_of_record
